<?xml version="1.0" encoding="UTF-8"?>
<testng-results skipped="1" failed="0" ignored="0" total="1" passed="0">
  <reporter-output>
  </reporter-output>
  <suite name="Suite" duration-ms="76" started-at="2019-08-18T13:39:23Z" finished-at="2019-08-18T13:39:23Z">
    <groups>
    </groups>
    <test name="Test" duration-ms="76" started-at="2019-08-18T13:39:23Z" finished-at="2019-08-18T13:39:23Z">
      <class name="Flipflop.TC001">
        <test-method status="FAIL" signature="Beforesuite()[pri:0, instance:Flipflop.TC001@e580929]" name="Beforesuite" is-config="true" duration-ms="41" started-at="2019-08-18T13:39:23Z" finished-at="2019-08-18T13:39:23Z">
          <exception class="java.lang.NoClassDefFoundError">
            <message>
              <![CDATA[com/relevantcodes/extentreports/ExtentReports]]>
            </message>
            <full-stacktrace>
              <![CDATA[java.lang.NoClassDefFoundError: com/relevantcodes/extentreports/ExtentReports
at Flipflop.Reporting.startReport(Reporting.java:17)
at Flipflop.ProjectWrapper.Beforesuite(ProjectWrapper.java:24)
at sun.reflect.NativeMethodAccessorImpl.invoke0(Native Method)
at sun.reflect.NativeMethodAccessorImpl.invoke(Unknown Source)
at sun.reflect.DelegatingMethodAccessorImpl.invoke(Unknown Source)
at java.lang.reflect.Method.invoke(Unknown Source)
at org.testng.internal.MethodInvocationHelper.invokeMethod(MethodInvocationHelper.java:124)
at org.testng.internal.MethodInvocationHelper.invokeMethodConsideringTimeout(MethodInvocationHelper.java:59)
at org.testng.internal.Invoker.invokeConfigurationMethod(Invoker.java:458)
at org.testng.internal.Invoker.invokeConfigurations(Invoker.java:222)
at org.testng.internal.Invoker.invokeConfigurations(Invoker.java:142)
at org.testng.SuiteRunner.privateRun(SuiteRunner.java:401)
at org.testng.SuiteRunner.run(SuiteRunner.java:364)
at org.testng.SuiteRunnerWorker.runSuite(SuiteRunnerWorker.java:52)
at org.testng.SuiteRunnerWorker.run(SuiteRunnerWorker.java:84)
at org.testng.TestNG.runSuitesSequentially(TestNG.java:1208)
at org.testng.TestNG.runSuitesLocally(TestNG.java:1137)
at org.testng.TestNG.runSuites(TestNG.java:1049)
at org.testng.TestNG.run(TestNG.java:1017)
at org.testng.TestNG.privateMain(TestNG.java:1354)
at org.testng.TestNG.main(TestNG.java:1323)
Caused by: java.lang.ClassNotFoundException: com.relevantcodes.extentreports.ExtentReports
at java.net.URLClassLoader.findClass(Unknown Source)
at java.lang.ClassLoader.loadClass(Unknown Source)
at sun.misc.Launcher$AppClassLoader.loadClass(Unknown Source)
at java.lang.ClassLoader.loadClass(Unknown Source)
... 21 more
]]>
            </full-stacktrace>
          </exception> <!-- java.lang.NoClassDefFoundError -->
          <reporter-output>
          </reporter-output>
        </test-method> <!-- Beforesuite -->
        <test-method status="SKIP" signature="beforeTest()[pri:0, instance:Flipflop.TC001@e580929]" name="beforeTest" is-config="true" duration-ms="0" started-at="2019-08-18T13:39:23Z" finished-at="2019-08-18T13:39:23Z">
          <reporter-output>
          </reporter-output>
        </test-method> <!-- beforeTest -->
        <test-method status="SKIP" signature="beforeClass()[pri:0, instance:Flipflop.TC001@e580929]" name="beforeClass" is-config="true" duration-ms="0" started-at="2019-08-18T13:39:23Z" finished-at="2019-08-18T13:39:23Z">
          <reporter-output>
          </reporter-output>
        </test-method> <!-- beforeClass -->
        <test-method status="SKIP" signature="track()[pri:0, instance:Flipflop.TC001@e580929]" name="track" duration-ms="0" started-at="2019-08-18T13:39:23Z" finished-at="2019-08-18T13:39:23Z">
          <exception class="java.lang.NoClassDefFoundError">
            <message>
              <![CDATA[com/relevantcodes/extentreports/ExtentReports]]>
            </message>
            <full-stacktrace>
              <![CDATA[java.lang.NoClassDefFoundError: com/relevantcodes/extentreports/ExtentReports
at Flipflop.Reporting.startReport(Reporting.java:17)
at Flipflop.ProjectWrapper.Beforesuite(ProjectWrapper.java:24)
at sun.reflect.NativeMethodAccessorImpl.invoke0(Native Method)
at sun.reflect.NativeMethodAccessorImpl.invoke(Unknown Source)
at sun.reflect.DelegatingMethodAccessorImpl.invoke(Unknown Source)
at java.lang.reflect.Method.invoke(Unknown Source)
at org.testng.internal.MethodInvocationHelper.invokeMethod(MethodInvocationHelper.java:124)
at org.testng.internal.MethodInvocationHelper.invokeMethodConsideringTimeout(MethodInvocationHelper.java:59)
at org.testng.internal.Invoker.invokeConfigurationMethod(Invoker.java:458)
at org.testng.internal.Invoker.invokeConfigurations(Invoker.java:222)
at org.testng.internal.Invoker.invokeConfigurations(Invoker.java:142)
at org.testng.SuiteRunner.privateRun(SuiteRunner.java:401)
at org.testng.SuiteRunner.run(SuiteRunner.java:364)
at org.testng.SuiteRunnerWorker.runSuite(SuiteRunnerWorker.java:52)
at org.testng.SuiteRunnerWorker.run(SuiteRunnerWorker.java:84)
at org.testng.TestNG.runSuitesSequentially(TestNG.java:1208)
at org.testng.TestNG.runSuitesLocally(TestNG.java:1137)
at org.testng.TestNG.runSuites(TestNG.java:1049)
at org.testng.TestNG.run(TestNG.java:1017)
at org.testng.TestNG.privateMain(TestNG.java:1354)
at org.testng.TestNG.main(TestNG.java:1323)
Caused by: java.lang.ClassNotFoundException: com.relevantcodes.extentreports.ExtentReports
at java.net.URLClassLoader.findClass(Unknown Source)
at java.lang.ClassLoader.loadClass(Unknown Source)
at sun.misc.Launcher$AppClassLoader.loadClass(Unknown Source)
at java.lang.ClassLoader.loadClass(Unknown Source)
... 21 more
]]>
            </full-stacktrace>
          </exception> <!-- java.lang.NoClassDefFoundError -->
          <reporter-output>
          </reporter-output>
        </test-method> <!-- track -->
        <test-method status="SKIP" signature="beforeMethod()[pri:0, instance:Flipflop.TC001@e580929]" name="beforeMethod" is-config="true" duration-ms="0" started-at="2019-08-18T13:39:23Z" finished-at="2019-08-18T13:39:23Z">
          <reporter-output>
          </reporter-output>
        </test-method> <!-- beforeMethod -->
        <test-method status="SKIP" signature="afterMethod()[pri:0, instance:Flipflop.TC001@e580929]" name="afterMethod" is-config="true" duration-ms="0" started-at="2019-08-18T13:39:23Z" finished-at="2019-08-18T13:39:23Z">
          <reporter-output>
          </reporter-output>
        </test-method> <!-- afterMethod -->
        <test-method status="SKIP" signature="afterClass()[pri:0, instance:Flipflop.TC001@e580929]" name="afterClass" is-config="true" duration-ms="0" started-at="2019-08-18T13:39:23Z" finished-at="2019-08-18T13:39:23Z">
          <reporter-output>
          </reporter-output>
        </test-method> <!-- afterClass -->
        <test-method status="SKIP" signature="afterTest()[pri:0, instance:Flipflop.TC001@e580929]" name="afterTest" is-config="true" duration-ms="0" started-at="2019-08-18T13:39:23Z" finished-at="2019-08-18T13:39:23Z">
          <reporter-output>
          </reporter-output>
        </test-method> <!-- afterTest -->
        <test-method status="SKIP" signature="afterSuite()[pri:0, instance:Flipflop.TC001@e580929]" name="afterSuite" is-config="true" duration-ms="0" started-at="2019-08-18T13:39:23Z" finished-at="2019-08-18T13:39:23Z">
          <reporter-output>
          </reporter-output>
        </test-method> <!-- afterSuite -->
      </class> <!-- Flipflop.TC001 -->
    </test> <!-- Test -->
  </suite> <!-- Suite -->
</testng-results>
